Arguments: 
  /usr/local/Cellar/node@16/16.20.0/bin/node /usr/local/bin/yarn add joyid

PATH: 
  /Users/mac/.rvm/gems/ruby-2.7.0/bin:/Users/mac/.rvm/gems/ruby-2.7.0@global/bin:/Users/mac/.rvm/rubies/ruby-2.7.0/bin:/Users/mac/.rvm/bin:/Users/mac/opt/anaconda3/bin:/Users/mac/opt/anaconda3/condabin:/anaconda3/bin:/usr/local/opt/openssl@3/bin:/Users/mac/go/bin:/usr/local/opt/openjdk/bin:/usr/local/opt/node@16/bin:/usr/local/opt/openjdk@11/bin:/usr/local/opt/openjdk/bin:/usr/local/opt/mysql-client@5.7/bin:/usr/local/opt/mysql@5.7/bin:/usr/local/bin:/usr/bin:/bin:/usr/sbin:/sbin:/usr/local/mysql/bin

Yarn version: 
  1.22.19

Node version: 
  16.20.0

Platform: 
  darwin x64

Trace: 
  Error: https://registry.yarnpkg.com/joyid: Not found
      at Request.params.callback [as _callback] (/usr/local/lib/node_modules/yarn/lib/cli.js:66145:18)
      at Request.self.callback (/usr/local/lib/node_modules/yarn/lib/cli.js:140890:22)
      at Request.emit (node:events:513:28)
      at Request.<anonymous> (/usr/local/lib/node_modules/yarn/lib/cli.js:141862:10)
      at Request.emit (node:events:513:28)
      at IncomingMessage.<anonymous> (/usr/local/lib/node_modules/yarn/lib/cli.js:141784:12)
      at Object.onceWrapper (node:events:627:28)
      at IncomingMessage.emit (node:events:525:35)
      at endReadableNT (node:internal/streams/readable:1358:12)
      at processTicksAndRejections (node:internal/process/task_queues:83:21)

npm manifest: 
  {
    "name": "app",
    "private": "true",
    "dependencies": {
      "esbuild": "^0.18.8",
      "flowbite": "^1.6.6"
    },
    "scripts": {
      "build": "esbuild app/javascript/*.* --bundle --sourcemap --outdir=app/assets/builds --public-path=/assets"
    }
  }

yarn manifest: 
  No manifest

Lockfile: 
  # THIS IS AN AUTOGENERATED FILE. DO NOT EDIT THIS FILE DIRECTLY.
  # yarn lockfile v1
  
  
  "@esbuild/android-arm64@0.18.8":
    version "0.18.8"
    resolved "https://registry.yarnpkg.com/@esbuild/android-arm64/-/android-arm64-0.18.8.tgz#07cc9aaed3ba8bdca31379bd55ed3f8f03d06dd3"
    integrity sha512-8N8gkGu8vBq/cRPs8DDQmdwmS097A+XRHC/ay6wJjSEdLV3onTnfIkzew+g86k5bcakbxsE7zynCIhG0IgCT5Q==
  
  "@esbuild/android-arm@0.18.8":
    version "0.18.8"
    resolved "https://registry.yarnpkg.com/@esbuild/android-arm/-/android-arm-0.18.8.tgz#5e7c2efeda019d6884d4320a11a43e2f93ac12bf"
    integrity sha512-xDncukyW2b/JU04AZJ6cSAp4FaoAMyxFFTgmmNEKbjn2MwThw/ekHwt3d84Nm0fJG2KqKBS3D6uGDo2jzDN/uQ==
  
  "@esbuild/android-x64@0.18.8":
    version "0.18.8"
    resolved "https://registry.yarnpkg.com/@esbuild/android-x64/-/android-x64-0.18.8.tgz#80ac5057712c69b9a373dbc21749f4b450ac9aba"
    integrity sha512-vLTz/naWZMVY01T0B6gneUmm9RTYBlhRzjSCDuQCZURC1Lp3Fw2gP32ZFTtIaMBK+hfSJilnmgTPuUkCTH6CwA==
  
  "@esbuild/darwin-arm64@0.18.8":
    version "0.18.8"
    resolved "https://registry.yarnpkg.com/@esbuild/darwin-arm64/-/darwin-arm64-0.18.8.tgz#99959908db2a611b891dc0cb4413e5015f5a9429"
    integrity sha512-14oQ5IgillH6K7j750ug0IUfy86ql1CrHx4uxRMlq0lH5NthxEH+QIgqIzUUyDJdw0lOodtr4L905Q9VYIG2+g==
  
  "@esbuild/darwin-x64@0.18.8":
    version "0.18.8"
    resolved "https://registry.yarnpkg.com/@esbuild/darwin-x64/-/darwin-x64-0.18.8.tgz#d45d478085453635688466e62f8d64cf38badd94"
    integrity sha512-OyEf+21R32glxR+IJpPhBgcbxSbc7adPe4hYggu2mbjqAAjJJAaYoYjNeojyp+ZKY2ZRX3FimBbeExVoPdEDfg==
  
  "@esbuild/freebsd-arm64@0.18.8":
    version "0.18.8"
    resolved "https://registry.yarnpkg.com/@esbuild/freebsd-arm64/-/freebsd-arm64-0.18.8.tgz#f94b88400f6bc947683f85adf8887118d34d70a3"
    integrity sha512-ur5cFSmlE5YPqD+5X9E32wJ2nBnz/Lk30QuAiotam0kx2e2f9+dgTarqaDhUKt+xJo+6OLhCpHAlogQ1TAvJrw==
  
  "@esbuild/freebsd-x64@0.18.8":
    version "0.18.8"
    resolved "https://registry.yarnpkg.com/@esbuild/freebsd-x64/-/freebsd-x64-0.18.8.tgz#764ab393d3df7c34815508ce12eb2eb57b4f0a48"
    integrity sha512-j0dgVXUyInggnvEgFGS7FXTQncRwAmHkgAy8YE52kOsozkimpapE3Kuuwb6MXbhnqLvJevaFgGSAlseDlkXAlg==
  
  "@esbuild/linux-arm64@0.18.8":
    version "0.18.8"
    resolved "https://registry.yarnpkg.com/@esbuild/linux-arm64/-/linux-arm64-0.18.8.tgz#8da6ab4532f3df9d2c04c1c1a42e650fd35ceca4"
    integrity sha512-Xp8brdqVVSTiN3/GGEAkMN1V2VCUrt11lxqHopYsbAvIf2YAfaW02/NFlekMq7SaAVcReYqbO7LReaOLzHaxgw==
  
  "@esbuild/linux-arm@0.18.8":
    version "0.18.8"
    resolved "https://registry.yarnpkg.com/@esbuild/linux-arm/-/linux-arm-0.18.8.tgz#e519c9d5d063b4970c9dffa072586bccc9cbfdd7"
    integrity sha512-moCWasFnLWfVmZjux2wE1YRoJlQ36hlthVD/B+UTic3UgCZ5LvpHTeqnF037JL9zS1W6d+cB0hUwithdIyZ/1w==
  
  "@esbuild/linux-ia32@0.18.8":
    version "0.18.8"
    resolved "https://registry.yarnpkg.com/@esbuild/linux-ia32/-/linux-ia32-0.18.8.tgz#a9841275da92e34a19fdff03702b060fdd530a0e"
    integrity sha512-mUDNdkY8mr4kZrekGLwZBFpvVX1VJLpwYUsbKTM/w0h4xVgsupc440nlsUfyz8OKeE92ZdMUUG8wrdOeZaONiQ==
  
  "@esbuild/linux-loong64@0.18.8":
    version "0.18.8"
    resolved "https://registry.yarnpkg.com/@esbuild/linux-loong64/-/linux-loong64-0.18.8.tgz#f4a7a55c0bc14774c8f960e7324738e2943c32d1"
    integrity sha512-wuzn8pABeFielmccZjn44eyVFo9G5rThVT91QdxZ02H7Yxek623ODpZoauAWwdBDFfK1R25RtKkxCvzfeJ1akg==
  
  "@esbuild/linux-mips64el@0.18.8":
    version "0.18.8"
    resolved "https://registry.yarnpkg.com/@esbuild/linux-mips64el/-/linux-mips64el-0.18.8.tgz#f644e8bfbffc75aaeaf8efa9e9d67dbf22a3605c"
    integrity sha512-9vIq+bR1PYqTV0Ea38a9h/r2xAecC56eQemOBXyzM3jQ9Bo8f3Q9On7mpiDrXich1eQuo9nna0ZBcaIJxaO58g==
  
  "@esbuild/linux-ppc64@0.18.8":
    version "0.18.8"
    resolved "https://registry.yarnpkg.com/@esbuild/linux-ppc64/-/linux-ppc64-0.18.8.tgz#42d242ef0444ea5443fb577a76e3de9cb7f11a95"
    integrity sha512-9AFk6CgYytoQ0/RMnmr1zlpTA88g9ksxk0gmo9apY+O8Yzmcjd+Dl9LUX9k89dLnyyLgkHl6uLg1tpEzpQS+yA==
  
  "@esbuild/linux-riscv64@0.18.8":
    version "0.18.8"
    resolved "https://registry.yarnpkg.com/@esbuild/linux-riscv64/-/linux-riscv64-0.18.8.tgz#1c3d73b01e5b987fcc453cfbf8af1849d47b111d"
    integrity sha512-AyuhgbWMSbYrgr3Qz8OT6C92PSbSh7X9ckSgz4xnZYUWrBkR6YaRTp5L7zgcouA/cSm1AiOQauHgQb+EOCNBVQ==
  
  "@esbuild/linux-s390x@0.18.8":
    version "0.18.8"
    resolved "https://registry.yarnpkg.com/@esbuild/linux-s390x/-/linux-s390x-0.18.8.tgz#2df4670cf4d0a85c7b428218256c0bcb921cd639"
    integrity sha512-XU3UTgyFx80B+kCD82kun9usGT1+3YILtGeGx+StNWGT8wjHYCc5ZTsh4g+58kDoGPezquGO+Kso5VSlX2GU2g==
  
  "@esbuild/linux-x64@0.18.8":
    version "0.18.8"
    resolved "https://registry.yarnpkg.com/@esbuild/linux-x64/-/linux-x64-0.18.8.tgz#1f7a82cd0678d952657ecdc124ba75d8f037557b"
    integrity sha512-/zBMV9cAFYFVTiyf7zg4ubMSfH0BGn5IPD+XZT0m2cYhtlMQLRQlNDpkaz5UlAIZBnBTCpjsbnI8X73xP2Zgtw==
  
  "@esbuild/netbsd-x64@0.18.8":
    version "0.18.8"
    resolved "https://registry.yarnpkg.com/@esbuild/netbsd-x64/-/netbsd-x64-0.18.8.tgz#94da2b20da94af77ee3287502b69a1a75c8c3392"
    integrity sha512-/Aqh6SoP6UpLrgdfgFzi1Von4D5OhnJEYZNdkZA0AREuwSBcZh6X5eUsSCiEszJaeOt/oOZOvSwNR7i2VjmDnA==
  
  "@esbuild/openbsd-x64@0.18.8":
    version "0.18.8"
    resolved "https://registry.yarnpkg.com/@esbuild/openbsd-x64/-/openbsd-x64-0.18.8.tgz#42097a3168a0f4da55edfb8490219fcf92e671d7"
    integrity sha512-twRW7IQ4ar1BilPDFf/IpsQY77dU50IUKZxs7veZVo4rnQbOXw6FPl2rWVJcVx+I6dkGzmt/yM6YW6FBdqA3DA==
  
  "@esbuild/sunos-x64@0.18.8":
    version "0.18.8"
    resolved "https://registry.yarnpkg.com/@esbuild/sunos-x64/-/sunos-x64-0.18.8.tgz#c1de112a361ee14cf37f2e4606be88fc27d9c23c"
    integrity sha512-DSgYAFzvRisJQPxtTsUTFJ/Kr1KYZxxrKGfHPMnW2f/0KxOdLwRKbzWeG8g15gSBcDuDCZXnuUSFyu3ZyqbCzA==
  
  "@esbuild/win32-arm64@0.18.8":
    version "0.18.8"
    resolved "https://registry.yarnpkg.com/@esbuild/win32-arm64/-/win32-arm64-0.18.8.tgz#58a4ebada8d4c219390533cfb9c66b59a5b48484"
    integrity sha512-eWoYo48Hp1yWbe2SSnmMNqnVprNgKtp0mP+aUeX/Lkw3gcsgRju5Qj7psfpA8cR0ULeWkrhmaSS4mgj4wfo97A==
  
  "@esbuild/win32-ia32@0.18.8":
    version "0.18.8"
    resolved "https://registry.yarnpkg.com/@esbuild/win32-ia32/-/win32-ia32-0.18.8.tgz#a79b5197a694870574fe46ab46ea6c4f7f519632"
    integrity sha512-A5mph1zmf7eEbAKZYqRHUBkO5PRdSO0bjH4XMAnYCXfndk72uHzvMmTNS5ZZ1dVUb55P45MFBBlZyW7SsnXxXw==
  
  "@esbuild/win32-x64@0.18.8":
    version "0.18.8"
    resolved "https://registry.yarnpkg.com/@esbuild/win32-x64/-/win32-x64-0.18.8.tgz#84b52621bc3cf2e704ababd5a93052875a239d19"
    integrity sha512-/NKlWmdR5oxLswW/pdMKF8qwwtC7zpeTWvWffXpqNZ4Nib6lmnU2L5ijfSvWy8vxWhwmfR/CXA7GzuRL5nRxow==
  
  "@popperjs/core@^2.9.3":
    version "2.11.8"
    resolved "https://registry.yarnpkg.com/@popperjs/core/-/core-2.11.8.tgz#6b79032e760a0899cd4204710beede972a3a185f"
    integrity sha512-P1st0aksCrn9sGZhp8GMYwBnQsbvAWsZAX44oXNNvLHGqAOcoVxmjZiohstwQ7SqKnbR47akdNi+uleWD8+g6A==
  
  esbuild@^0.18.8:
    version "0.18.8"
    resolved "https://registry.yarnpkg.com/esbuild/-/esbuild-0.18.8.tgz#870d292237d486ce60c701fc1ed5641d75ea9c4e"
    integrity sha512-3hJ4I81Wp1IT5z29FAlTAlbX+ElIqy4AuIf1GNcFjsRIfyO3linxmEVqoP865KTYT9BWosrCl081RM/35Z+scw==
    optionalDependencies:
      "@esbuild/android-arm" "0.18.8"
      "@esbuild/android-arm64" "0.18.8"
      "@esbuild/android-x64" "0.18.8"
      "@esbuild/darwin-arm64" "0.18.8"
      "@esbuild/darwin-x64" "0.18.8"
      "@esbuild/freebsd-arm64" "0.18.8"
      "@esbuild/freebsd-x64" "0.18.8"
      "@esbuild/linux-arm" "0.18.8"
      "@esbuild/linux-arm64" "0.18.8"
      "@esbuild/linux-ia32" "0.18.8"
      "@esbuild/linux-loong64" "0.18.8"
      "@esbuild/linux-mips64el" "0.18.8"
      "@esbuild/linux-ppc64" "0.18.8"
      "@esbuild/linux-riscv64" "0.18.8"
      "@esbuild/linux-s390x" "0.18.8"
      "@esbuild/linux-x64" "0.18.8"
      "@esbuild/netbsd-x64" "0.18.8"
      "@esbuild/openbsd-x64" "0.18.8"
      "@esbuild/sunos-x64" "0.18.8"
      "@esbuild/win32-arm64" "0.18.8"
      "@esbuild/win32-ia32" "0.18.8"
      "@esbuild/win32-x64" "0.18.8"
  
  flowbite@^1.6.6:
    version "1.6.6"
    resolved "https://registry.yarnpkg.com/flowbite/-/flowbite-1.6.6.tgz#6c7579fffb6fad270c8471c2898eb7c57fe8ce3e"
    integrity sha512-T+IaFikHELo1PBKfT/axDqhAmKQLfm/dxVch2r07TZ+IcKwkorZjzwkVuw3OslTETniRIUf2qQvEhxk3bQCaew==
    dependencies:
      "@popperjs/core" "^2.9.3"
      mini-svg-data-uri "^1.4.3"
  
  mini-svg-data-uri@^1.4.3:
    version "1.4.4"
    resolved "https://registry.yarnpkg.com/mini-svg-data-uri/-/mini-svg-data-uri-1.4.4.tgz#8ab0aabcdf8c29ad5693ca595af19dd2ead09939"
    integrity sha512-r9deDe9p5FJUPZAk3A59wGH7Ii9YrjjWw0jmw/liSbHl2CHiyXj6FcDXDu2K3TjVAXqiJdaw3xxwlZZr9E6nHg==
